2021-09-23 16:41:51.187  INFO 2152 --- [restartedMain] com.example.MainMethod                   : Starting MainMethod using Java 15.0.1 on LAPTOP-QLD5DGRQ with PID 2152 (C:\STS_Projects\BookLibrary\target\classes started by nitin in C:\STS_Projects\BookLibrary)
2021-09-23 16:41:51.195  INFO 2152 --- [restartedMain] com.example.MainMethod                   : The following profiles are active: @activatedProperties@
2021-09-23 16:41:51.249  INFO 2152 --- [restartedMain] .e.DevToolsPropertyDefaultsPostProcessor : Devtools property defaults active! Set 'spring.devtools.add-properties' to 'false' to disable
2021-09-23 16:41:51.250  INFO 2152 --- [restartedMain] .e.DevToolsPropertyDefaultsPostProcessor : For additional web related logging consider setting the 'logging.level.web' property to 'DEBUG'
2021-09-23 16:41:52.596  INFO 2152 --- [restartedMain] .s.d.r.c.RepositoryConfigurationDelegate : Bootstrapping Spring Data JPA repositories in DEFAULT mode.
2021-09-23 16:41:52.772  INFO 2152 --- [restartedMain] .s.d.r.c.RepositoryConfigurationDelegate : Finished Spring Data repository scanning in 153 ms. Found 1 JPA repository interfaces.
2021-09-23 16:41:55.131  INFO 2152 --- [restartedMain] o.s.b.w.embedded.tomcat.TomcatWebServer  : Tomcat initialized with port(s): 7776 (http)
2021-09-23 16:41:55.151  INFO 2152 --- [restartedMain] o.apache.catalina.core.StandardService   : Starting service [Tomcat]
2021-09-23 16:41:55.152  INFO 2152 --- [restartedMain] org.apache.catalina.core.StandardEngine  : Starting Servlet engine: [Apache Tomcat/9.0.46]
2021-09-23 16:41:55.157  INFO 2152 --- [restartedMain] o.a.catalina.core.AprLifecycleListener   : Loaded Apache Tomcat Native library [1.2.31] using APR version [1.7.0].
2021-09-23 16:41:55.157  INFO 2152 --- [restartedMain] o.a.catalina.core.AprLifecycleListener   : APR capabilities: IPv6 [true], sendfile [true], accept filters [false], random [true].
2021-09-23 16:41:55.157  INFO 2152 --- [restartedMain] o.a.catalina.core.AprLifecycleListener   : APR/OpenSSL configuration: useAprConnector [false], useOpenSSL [true]
2021-09-23 16:41:55.175  INFO 2152 --- [restartedMain] o.a.catalina.core.AprLifecycleListener   : OpenSSL successfully initialized [OpenSSL 1.1.1l  24 Aug 2021]
2021-09-23 16:41:55.365  INFO 2152 --- [restartedMain] o.a.c.c.C.[Tomcat].[localhost].[/]       : Initializing Spring embedded WebApplicationContext
2021-09-23 16:41:55.366  INFO 2152 --- [restartedMain] w.s.c.ServletWebServerApplicationContext : Root WebApplicationContext: initialization completed in 4114 ms
2021-09-23 16:41:55.431  INFO 2152 --- [restartedMain] com.zaxxer.hikari.HikariDataSource       : HikariPool-1 - Starting...
2021-09-23 16:41:55.442  WARN 2152 --- [restartedMain] com.zaxxer.hikari.util.DriverDataSource  : Registered driver with driverClassName=com.mysql.jdbc.Driver was not found, trying direct instantiation.
2021-09-23 16:41:56.466  INFO 2152 --- [restartedMain] com.zaxxer.hikari.HikariDataSource       : HikariPool-1 - Start completed.
2021-09-23 16:41:56.480  INFO 2152 --- [restartedMain] o.s.b.a.h2.H2ConsoleAutoConfiguration    : H2 console available at '/h2-console'. Database available at 'jdbc:mysql://localhost/APIDevelopSpringBoot'
2021-09-23 16:41:56.983  INFO 2152 --- [restartedMain] o.hibernate.jpa.internal.util.LogHelper  : HHH000204: Processing PersistenceUnitInfo [name: default]
2021-09-23 16:41:57.188  INFO 2152 --- [restartedMain] org.hibernate.Version                    : HHH000412: Hibernate ORM core version 5.4.32.Final
2021-09-23 16:41:57.658  INFO 2152 --- [restartedMain] o.hibernate.annotations.common.Version   : HCANN000001: Hibernate Commons Annotations {5.1.2.Final}
2021-09-23 16:41:57.969  INFO 2152 --- [restartedMain] org.hibernate.dialect.Dialect            : HHH000400: Using dialect: org.hibernate.dialect.MySQL5InnoDBDialect
2021-09-23 16:41:59.316  INFO 2152 --- [restartedMain] o.h.e.t.j.p.i.JtaPlatformInitiator       : HHH000490: Using JtaPlatform implementation: [org.hibernate.engine.transaction.jta.platform.internal.NoJtaPlatform]
2021-09-23 16:41:59.336  INFO 2152 --- [restartedMain] j.LocalContainerEntityManagerFactoryBean : Initialized JPA EntityManagerFactory for persistence unit 'default'
2021-09-23 16:42:00.118  WARN 2152 --- [restartedMain] JpaBaseConfiguration$JpaWebConfiguration : spring.jpa.open-in-view is enabled by default. Therefore, database queries may be performed during view rendering. Explicitly configure spring.jpa.open-in-view to disable this warning
2021-09-23 16:42:00.797  INFO 2152 --- [restartedMain] o.s.b.d.a.OptionalLiveReloadServer       : LiveReload server is running on port 35729
2021-09-23 16:42:00.886  INFO 2152 --- [restartedMain] o.s.b.w.embedded.tomcat.TomcatWebServer  : Tomcat started on port(s): 7776 (http) with context path ''
2021-09-23 16:42:00.909  INFO 2152 --- [restartedMain] com.example.MainMethod                   : Started MainMethod in 10.492 seconds (JVM running for 12.584)
2021-09-23 16:43:54.865  INFO 2152 --- [RMI TCP Connection(11)-127.0.0.1] inMXBeanRegistrar$SpringApplicationAdmin : Application shutdown requested.
2021-09-23 16:43:54.936  INFO 2152 --- [RMI TCP Connection(11)-127.0.0.1] j.LocalContainerEntityManagerFactoryBean : Closing JPA EntityManagerFactory for persistence unit 'default'
2021-09-23 16:43:54.947  INFO 2152 --- [RMI TCP Connection(11)-127.0.0.1] com.zaxxer.hikari.HikariDataSource       : HikariPool-1 - Shutdown initiated...
2021-09-23 16:43:54.977  INFO 2152 --- [RMI TCP Connection(11)-127.0.0.1] com.zaxxer.hikari.HikariDataSource       : HikariPool-1 - Shutdown completed.
2021-09-23 18:03:10.392  INFO 18988 --- [main] com.example.demo.DemoApplicationTests    : Starting DemoApplicationTests using Java 1.8.0_281 on LAPTOP-QLD5DGRQ with PID 18988 (started by nitin in C:\STS_Projects\BookLibrary)
2021-09-23 18:03:10.393  INFO 18988 --- [main] com.example.demo.DemoApplicationTests    : The following profiles are active: @activatedProperties@
2021-09-23 18:03:11.132  INFO 18988 --- [main] .s.d.r.c.RepositoryConfigurationDelegate : Bootstrapping Spring Data JPA repositories in DEFAULT mode.
2021-09-23 18:03:11.213  INFO 18988 --- [main] .s.d.r.c.RepositoryConfigurationDelegate : Finished Spring Data repository scanning in 69 ms. Found 1 JPA repository interfaces.
2021-09-23 18:03:12.180  INFO 18988 --- [main] com.zaxxer.hikari.HikariDataSource       : HikariPool-1 - Starting...
2021-09-23 18:03:12.187  WARN 18988 --- [main] com.zaxxer.hikari.util.DriverDataSource  : Registered driver with driverClassName=com.mysql.jdbc.Driver was not found, trying direct instantiation.
2021-09-23 18:03:13.215  INFO 18988 --- [main] com.zaxxer.hikari.HikariDataSource       : HikariPool-1 - Start completed.
2021-09-23 18:03:13.444  INFO 18988 --- [main] o.hibernate.jpa.internal.util.LogHelper  : HHH000204: Processing PersistenceUnitInfo [name: default]
2021-09-23 18:03:13.551  INFO 18988 --- [main] org.hibernate.Version                    : HHH000412: Hibernate ORM core version 5.4.32.Final
2021-09-23 18:03:13.639  INFO 18988 --- [main] o.hibernate.annotations.common.Version   : HCANN000001: Hibernate Commons Annotations {5.1.2.Final}
2021-09-23 18:03:13.863  INFO 18988 --- [main] org.hibernate.dialect.Dialect            : HHH000400: Using dialect: org.hibernate.dialect.MySQL5InnoDBDialect
2021-09-23 18:03:14.418  INFO 18988 --- [main] o.h.e.t.j.p.i.JtaPlatformInitiator       : HHH000490: Using JtaPlatform implementation: [org.hibernate.engine.transaction.jta.platform.internal.NoJtaPlatform]
2021-09-23 18:03:14.434  INFO 18988 --- [main] j.LocalContainerEntityManagerFactoryBean : Initialized JPA EntityManagerFactory for persistence unit 'default'
2021-09-23 18:03:14.724  WARN 18988 --- [main] JpaBaseConfiguration$JpaWebConfiguration : spring.jpa.open-in-view is enabled by default. Therefore, database queries may be performed during view rendering. Explicitly configure spring.jpa.open-in-view to disable this warning
2021-09-23 18:03:15.511  INFO 18988 --- [main] o.s.b.t.m.w.SpringBootMockServletContext : Initializing Spring TestDispatcherServlet ''
2021-09-23 18:03:15.511  INFO 18988 --- [main] o.s.t.web.servlet.TestDispatcherServlet  : Initializing Servlet ''
2021-09-23 18:03:15.513  INFO 18988 --- [main] o.s.t.web.servlet.TestDispatcherServlet  : Completed initialization in 1 ms
2021-09-23 18:03:15.547  INFO 18988 --- [main] com.example.demo.DemoApplicationTests    : Started DemoApplicationTests in 5.604 seconds (JVM running for 6.881)
2021-09-23 18:03:17.508  INFO 18988 --- [SpringApplicationShutdownHook] j.LocalContainerEntityManagerFactoryBean : Closing JPA EntityManagerFactory for persistence unit 'default'
2021-09-23 18:03:17.512  INFO 18988 --- [SpringApplicationShutdownHook] com.zaxxer.hikari.HikariDataSource       : HikariPool-1 - Shutdown initiated...
2021-09-23 18:03:17.528  INFO 18988 --- [SpringApplicationShutdownHook] com.zaxxer.hikari.HikariDataSource       : HikariPool-1 - Shutdown completed.
2021-09-23 18:03:45.846  INFO 7692 --- [restartedMain] com.example.MainMethod                   : Starting MainMethod using Java 1.8.0_281 on LAPTOP-QLD5DGRQ with PID 7692 (C:\STS_Projects\BookLibrary\target\classes started by nitin in C:\STS_Projects\BookLibrary)
2021-09-23 18:03:45.853  INFO 7692 --- [restartedMain] com.example.MainMethod                   : The following profiles are active: dev
2021-09-23 18:03:45.968  INFO 7692 --- [restartedMain] .e.DevToolsPropertyDefaultsPostProcessor : Devtools property defaults active! Set 'spring.devtools.add-properties' to 'false' to disable
2021-09-23 18:03:45.970  INFO 7692 --- [restartedMain] .e.DevToolsPropertyDefaultsPostProcessor : For additional web related logging consider setting the 'logging.level.web' property to 'DEBUG'
2021-09-23 18:03:46.719  INFO 7692 --- [restartedMain] .s.d.r.c.RepositoryConfigurationDelegate : Bootstrapping Spring Data JPA repositories in DEFAULT mode.
2021-09-23 18:03:46.815  INFO 7692 --- [restartedMain] .s.d.r.c.RepositoryConfigurationDelegate : Finished Spring Data repository scanning in 81 ms. Found 1 JPA repository interfaces.
2021-09-23 18:03:47.602  INFO 7692 --- [restartedMain] o.s.b.w.embedded.tomcat.TomcatWebServer  : Tomcat initialized with port(s): 7776 (http)
2021-09-23 18:03:47.615  INFO 7692 --- [restartedMain] o.apache.catalina.core.StandardService   : Starting service [Tomcat]
2021-09-23 18:03:47.615  INFO 7692 --- [restartedMain] org.apache.catalina.core.StandardEngine  : Starting Servlet engine: [Apache Tomcat/9.0.46]
2021-09-23 18:03:47.619  INFO 7692 --- [restartedMain] o.a.catalina.core.AprLifecycleListener   : Loaded Apache Tomcat Native library [1.2.31] using APR version [1.7.0].
2021-09-23 18:03:47.619  INFO 7692 --- [restartedMain] o.a.catalina.core.AprLifecycleListener   : APR capabilities: IPv6 [true], sendfile [true], accept filters [false], random [true].
2021-09-23 18:03:47.620  INFO 7692 --- [restartedMain] o.a.catalina.core.AprLifecycleListener   : APR/OpenSSL configuration: useAprConnector [false], useOpenSSL [true]
2021-09-23 18:03:47.625  INFO 7692 --- [restartedMain] o.a.catalina.core.AprLifecycleListener   : OpenSSL successfully initialized [OpenSSL 1.1.1l  24 Aug 2021]
2021-09-23 18:03:47.714  INFO 7692 --- [restartedMain] o.a.c.c.C.[Tomcat].[localhost].[/]       : Initializing Spring embedded WebApplicationContext
2021-09-23 18:03:47.714  INFO 7692 --- [restartedMain] w.s.c.ServletWebServerApplicationContext : Root WebApplicationContext: initialization completed in 1739 ms
2021-09-23 18:03:47.750  INFO 7692 --- [restartedMain] com.zaxxer.hikari.HikariDataSource       : HikariPool-1 - Starting...
2021-09-23 18:03:47.890  INFO 7692 --- [restartedMain] com.zaxxer.hikari.HikariDataSource       : HikariPool-1 - Start completed.
2021-09-23 18:03:47.896  INFO 7692 --- [restartedMain] o.s.b.a.h2.H2ConsoleAutoConfiguration    : H2 console available at '/h2-console'. Database available at 'jdbc:h2:mem:testdb'
2021-09-23 18:03:48.019  INFO 7692 --- [restartedMain] o.hibernate.jpa.internal.util.LogHelper  : HHH000204: Processing PersistenceUnitInfo [name: default]
2021-09-23 18:03:48.060  INFO 7692 --- [restartedMain] org.hibernate.Version                    : HHH000412: Hibernate ORM core version 5.4.32.Final
2021-09-23 18:03:48.194  INFO 7692 --- [restartedMain] o.hibernate.annotations.common.Version   : HCANN000001: Hibernate Commons Annotations {5.1.2.Final}
2021-09-23 18:03:48.336  INFO 7692 --- [restartedMain] org.hibernate.dialect.Dialect            : HHH000400: Using dialect: org.hibernate.dialect.MySQL5InnoDBDialect
2021-09-23 18:03:48.949  INFO 7692 --- [restartedMain] o.h.e.t.j.p.i.JtaPlatformInitiator       : HHH000490: Using JtaPlatform implementation: [org.hibernate.engine.transaction.jta.platform.internal.NoJtaPlatform]
2021-09-23 18:03:48.967  INFO 7692 --- [restartedMain] j.LocalContainerEntityManagerFactoryBean : Initialized JPA EntityManagerFactory for persistence unit 'default'
2021-09-23 18:03:49.425  WARN 7692 --- [restartedMain] JpaBaseConfiguration$JpaWebConfiguration : spring.jpa.open-in-view is enabled by default. Therefore, database queries may be performed during view rendering. Explicitly configure spring.jpa.open-in-view to disable this warning
2021-09-23 18:03:50.480  INFO 7692 --- [restartedMain] o.s.b.d.a.OptionalLiveReloadServer       : LiveReload server is running on port 35729
2021-09-23 18:03:50.528  INFO 7692 --- [restartedMain] o.s.b.w.embedded.tomcat.TomcatWebServer  : Tomcat started on port(s): 7776 (http) with context path ''
2021-09-23 18:03:50.540  INFO 7692 --- [restartedMain] com.example.MainMethod                   : Started MainMethod in 5.422 seconds (JVM running for 6.102)
2021-09-23 18:04:38.667  INFO 7692 --- [http-nio-7776-exec-1] o.a.c.c.C.[Tomcat].[localhost].[/]       : Initializing Spring DispatcherServlet 'dispatcherServlet'
2021-09-23 18:04:38.668  INFO 7692 --- [http-nio-7776-exec-1] o.s.web.servlet.DispatcherServlet        : Initializing Servlet 'dispatcherServlet'
2021-09-23 18:04:38.672  INFO 7692 --- [http-nio-7776-exec-1] o.s.web.servlet.DispatcherServlet        : Completed initialization in 2 ms
2021-09-23 18:04:57.311  INFO 5204 --- [main] com.example.demo.DemoApplicationTests    : Starting DemoApplicationTests using Java 1.8.0_281 on LAPTOP-QLD5DGRQ with PID 5204 (started by nitin in C:\STS_Projects\BookLibrary)
2021-09-23 18:04:57.313  INFO 5204 --- [main] com.example.demo.DemoApplicationTests    : The following profiles are active: @activatedProperties@
2021-09-23 18:04:58.153  INFO 5204 --- [main] .s.d.r.c.RepositoryConfigurationDelegate : Bootstrapping Spring Data JPA repositories in DEFAULT mode.
2021-09-23 18:04:58.254  INFO 5204 --- [main] .s.d.r.c.RepositoryConfigurationDelegate : Finished Spring Data repository scanning in 88 ms. Found 1 JPA repository interfaces.
2021-09-23 18:04:59.517  INFO 5204 --- [main] com.zaxxer.hikari.HikariDataSource       : HikariPool-1 - Starting...
2021-09-23 18:04:59.524  WARN 5204 --- [main] com.zaxxer.hikari.util.DriverDataSource  : Registered driver with driverClassName=com.mysql.jdbc.Driver was not found, trying direct instantiation.
2021-09-23 18:05:01.424  INFO 5204 --- [main] com.zaxxer.hikari.HikariDataSource       : HikariPool-1 - Start completed.
2021-09-23 18:05:01.776  INFO 5204 --- [main] o.hibernate.jpa.internal.util.LogHelper  : HHH000204: Processing PersistenceUnitInfo [name: default]
2021-09-23 18:05:01.887  INFO 5204 --- [main] org.hibernate.Version                    : HHH000412: Hibernate ORM core version 5.4.32.Final
2021-09-23 18:05:01.958  INFO 5204 --- [main] o.hibernate.annotations.common.Version   : HCANN000001: Hibernate Commons Annotations {5.1.2.Final}
2021-09-23 18:05:02.175  INFO 5204 --- [main] org.hibernate.dialect.Dialect            : HHH000400: Using dialect: org.hibernate.dialect.MySQL5InnoDBDialect
2021-09-23 18:05:02.904  INFO 5204 --- [main] o.h.e.t.j.p.i.JtaPlatformInitiator       : HHH000490: Using JtaPlatform implementation: [org.hibernate.engine.transaction.jta.platform.internal.NoJtaPlatform]
2021-09-23 18:05:02.921  INFO 5204 --- [main] j.LocalContainerEntityManagerFactoryBean : Initialized JPA EntityManagerFactory for persistence unit 'default'
2021-09-23 18:05:03.274  WARN 5204 --- [main] JpaBaseConfiguration$JpaWebConfiguration : spring.jpa.open-in-view is enabled by default. Therefore, database queries may be performed during view rendering. Explicitly configure spring.jpa.open-in-view to disable this warning
2021-09-23 18:05:04.203  INFO 5204 --- [main] o.s.b.t.m.w.SpringBootMockServletContext : Initializing Spring TestDispatcherServlet ''
2021-09-23 18:05:04.203  INFO 5204 --- [main] o.s.t.web.servlet.TestDispatcherServlet  : Initializing Servlet ''
2021-09-23 18:05:04.205  INFO 5204 --- [main] o.s.t.web.servlet.TestDispatcherServlet  : Completed initialization in 1 ms
2021-09-23 18:05:04.242  INFO 5204 --- [main] com.example.demo.DemoApplicationTests    : Started DemoApplicationTests in 7.398 seconds (JVM running for 9.171)
2021-09-23 18:05:06.301  INFO 5204 --- [SpringApplicationShutdownHook] j.LocalContainerEntityManagerFactoryBean : Closing JPA EntityManagerFactory for persistence unit 'default'
2021-09-23 18:05:06.304  INFO 5204 --- [SpringApplicationShutdownHook] com.zaxxer.hikari.HikariDataSource       : HikariPool-1 - Shutdown initiated...
2021-09-23 18:05:06.324  INFO 5204 --- [SpringApplicationShutdownHook] com.zaxxer.hikari.HikariDataSource       : HikariPool-1 - Shutdown completed.
